<?xml version="1.0" encoding="UTF-8"?>
<!-- Generated by org.testng.reporters.JUnitReportReporter -->
<testsuite hostname="DESKTOP-0V02D0F" failures="0" tests="2" name="org.TestRunner.TestRunner" time="141.908" errors="0" timestamp="2024-03-08T13:27:16 IST" skipped="0">
  <testcase classname="org.TestRunner.TestRunner" name="runScenario" time="78.881"/>
  <testcase classname="org.TestRunner.TestRunner" name="runScenario" time="63.027"/>
</testsuite> <!-- org.TestRunner.TestRunner -->
